[cs.wmich.edu/_yang/teach/cs4430/index.html]
[backblue.gif]
[fade.gif]
[index.html]
[cs.wmich.edu/_yang/teach/cs4430/CS4430Schedule-Fall.pdf]
[cs.wmich.edu/_yang/teach/itsnew.gif]
[cs.wmich.edu/_yang/teach/cs4430/projects.html]
[cs.wmich.edu/_yang/teach/cs4430/RelationalAlgebra.html]
[cs.wmich.edu/_yang/teach/cs4430/SQLQuery.html]
[cs.wmich.edu/_yang/teach/cs4430/SQLContraints.html]
[cs.wmich.edu/_yang/teach/cs4430/AssignmentAppDev.html]
[cs.wmich.edu/_yang/teach/cs4430/index.html]
[cs.wmich.edu/_yang/teach/cs4430/AssignmentDBDesign.html]
[cs.wmich.edu/_yang/teach/cs4430/projects.html]
[cs.wmich.edu/_yang/teach/cs4430/RelationalAlgebra.html]
[cs.wmich.edu/_yang/teach/cs4430/sqllab.zip]
[cs.wmich.edu/_yang/teach/cs4430/SQLQuery.html]
[cs.wmich.edu/_yang/teach/cs4430/SQLContraints.html]
[cs.wmich.edu/_yang/teach/cs4430/create_mail.sql]
[cs.wmich.edu/_yang/teach/cs4430/AssignmentAppDev.html]
[cs.wmich.edu/_yang/teach/cs4430/AssignmentDBDesign.html]
